<?xml version="1.0" encoding="UTF-8"?>
<testng-results skipped="0" failed="0" ignored="1" total="11" passed="10">
  <reporter-output>
  </reporter-output>
  <suite name="Build1.2" duration-ms="47421" started-at="2019-11-23T10:20:11 EST" finished-at="2019-11-23T10:20:59 EST">
    <groups>
    </groups>
    <test name="Build1.2_TestResults" duration-ms="47421" started-at="2019-11-23T10:20:11 EST" finished-at="2019-11-23T10:20:59 EST">
      <class name="com.TestNG.Sample1">
        <test-method status="PASS" signature="beforeClass()[pri:0, instance:com.TestNG.Sample1@26aa12dd]" name="beforeClass" is-config="true" duration-ms="0" started-at="2019-11-23T10:20:35 EST" finished-at="2019-11-23T10:20:35 EST">
          <reporter-output>
          </reporter-output>
        </test-method> <!-- beforeClass -->
        <test-method status="PASS" signature="f()[pri:0, instance:com.TestNG.Sample1@26aa12dd]" name="f" duration-ms="2" started-at="2019-11-23T10:20:35 EST" finished-at="2019-11-23T10:20:35 EST">
          <reporter-output>
          </reporter-output>
        </test-method> <!-- f -->
        <test-method status="PASS" signature="beforeMethod()[pri:0, instance:com.TestNG.Sample1@26aa12dd]" name="beforeMethod" is-config="true" duration-ms="0" started-at="2019-11-23T10:20:35 EST" finished-at="2019-11-23T10:20:35 EST">
          <reporter-output>
          </reporter-output>
        </test-method> <!-- beforeMethod -->
        <test-method status="PASS" signature="afterMethod()[pri:0, instance:com.TestNG.Sample1@26aa12dd]" name="afterMethod" is-config="true" duration-ms="1" started-at="2019-11-23T10:20:35 EST" finished-at="2019-11-23T10:20:35 EST">
          <reporter-output>
          </reporter-output>
        </test-method> <!-- afterMethod -->
        <test-method status="PASS" signature="afterClass()[pri:0, instance:com.TestNG.Sample1@26aa12dd]" name="afterClass" is-config="true" duration-ms="1" started-at="2019-11-23T10:20:35 EST" finished-at="2019-11-23T10:20:35 EST">
          <reporter-output>
          </reporter-output>
        </test-method> <!-- afterClass -->
      </class> <!-- com.TestNG.Sample1 -->
      <class name="com.TestNG.Sample3">
        <test-method status="PASS" signature="a()[pri:0, instance:com.TestNG.Sample3@1c3a4799]" name="a" duration-ms="2" started-at="2019-11-23T10:20:35 EST" finished-at="2019-11-23T10:20:35 EST">
          <reporter-output>
          </reporter-output>
        </test-method> <!-- a -->
        <test-method status="PASS" signature="r()[pri:0, instance:com.TestNG.Sample3@1c3a4799]" name="r" duration-ms="3" started-at="2019-11-23T10:20:35 EST" finished-at="2019-11-23T10:20:35 EST">
          <reporter-output>
          </reporter-output>
        </test-method> <!-- r -->
      </class> <!-- com.TestNG.Sample3 -->
      <class name="com.TestNG.Sample2">
        <test-method status="PASS" signature="beforeMethod()[pri:0, instance:com.TestNG.Sample2@131276c2]" name="beforeMethod" is-config="true" duration-ms="2" started-at="2019-11-23T10:20:35 EST" finished-at="2019-11-23T10:20:35 EST">
          <reporter-output>
          </reporter-output>
        </test-method> <!-- beforeMethod -->
        <test-method status="PASS" signature="a()[pri:0, instance:com.TestNG.Sample2@131276c2]" name="a" duration-ms="5" started-at="2019-11-23T10:20:35 EST" finished-at="2019-11-23T10:20:35 EST">
          <reporter-output>
          </reporter-output>
        </test-method> <!-- a -->
        <test-method status="PASS" signature="afterMethod()[pri:0, instance:com.TestNG.Sample2@131276c2]" name="afterMethod" is-config="true" duration-ms="1" started-at="2019-11-23T10:20:35 EST" finished-at="2019-11-23T10:20:35 EST">
          <reporter-output>
          </reporter-output>
        </test-method> <!-- afterMethod -->
        <test-method status="PASS" signature="beforeMethod()[pri:0, instance:com.TestNG.Sample2@131276c2]" name="beforeMethod" is-config="true" duration-ms="0" started-at="2019-11-23T10:20:35 EST" finished-at="2019-11-23T10:20:35 EST">
          <reporter-output>
          </reporter-output>
        </test-method> <!-- beforeMethod -->
        <test-method status="PASS" signature="b()[pri:0, instance:com.TestNG.Sample2@131276c2]" name="b" duration-ms="2" started-at="2019-11-23T10:20:35 EST" finished-at="2019-11-23T10:20:35 EST">
          <reporter-output>
          </reporter-output>
        </test-method> <!-- b -->
        <test-method status="PASS" signature="afterMethod()[pri:0, instance:com.TestNG.Sample2@131276c2]" name="afterMethod" is-config="true" duration-ms="1" started-at="2019-11-23T10:20:35 EST" finished-at="2019-11-23T10:20:35 EST">
          <reporter-output>
          </reporter-output>
        </test-method> <!-- afterMethod -->
      </class> <!-- com.TestNG.Sample2 -->
      <class name="com.TestNG.TestNgAnnotations">
        <test-method status="PASS" signature="beforeClass()[pri:0, instance:com.TestNG.TestNgAnnotations@694e1548]" name="beforeClass" is-config="true" duration-ms="0" started-at="2019-11-23T10:20:35 EST" finished-at="2019-11-23T10:20:35 EST">
          <reporter-output>
          </reporter-output>
        </test-method> <!-- beforeClass -->
        <test-method status="PASS" signature="a()[pri:0, instance:com.TestNG.TestNgAnnotations@694e1548]" name="a" duration-ms="2" started-at="2019-11-23T10:20:35 EST" finished-at="2019-11-23T10:20:35 EST">
          <reporter-output>
          </reporter-output>
        </test-method> <!-- a -->
        <test-method status="PASS" signature="afterMethod()[pri:0, instance:com.TestNG.TestNgAnnotations@694e1548]" name="afterMethod" is-config="true" duration-ms="1" started-at="2019-11-23T10:20:35 EST" finished-at="2019-11-23T10:20:35 EST">
          <reporter-output>
          </reporter-output>
        </test-method> <!-- afterMethod -->
        <test-method status="PASS" signature="f()[pri:0, instance:com.TestNG.TestNgAnnotations@694e1548]" name="f" duration-ms="2" started-at="2019-11-23T10:20:35 EST" finished-at="2019-11-23T10:20:35 EST">
          <reporter-output>
          </reporter-output>
        </test-method> <!-- f -->
        <test-method status="PASS" signature="afterMethod()[pri:0, instance:com.TestNG.TestNgAnnotations@694e1548]" name="afterMethod" is-config="true" duration-ms="0" started-at="2019-11-23T10:20:35 EST" finished-at="2019-11-23T10:20:35 EST">
          <reporter-output>
          </reporter-output>
        </test-method> <!-- afterMethod -->
        <test-method status="PASS" signature="r()[pri:0, instance:com.TestNG.TestNgAnnotations@694e1548]" name="r" duration-ms="3" started-at="2019-11-23T10:20:35 EST" finished-at="2019-11-23T10:20:35 EST">
          <reporter-output>
          </reporter-output>
        </test-method> <!-- r -->
        <test-method status="PASS" signature="afterMethod()[pri:0, instance:com.TestNG.TestNgAnnotations@694e1548]" name="afterMethod" is-config="true" duration-ms="4" started-at="2019-11-23T10:20:35 EST" finished-at="2019-11-23T10:20:35 EST">
          <reporter-output>
          </reporter-output>
        </test-method> <!-- afterMethod -->
        <test-method status="PASS" signature="afterClass()[pri:0, instance:com.TestNG.TestNgAnnotations@694e1548]" name="afterClass" is-config="true" duration-ms="2" started-at="2019-11-23T10:20:35 EST" finished-at="2019-11-23T10:20:35 EST">
          <reporter-output>
          </reporter-output>
        </test-method> <!-- afterClass -->
      </class> <!-- com.TestNG.TestNgAnnotations -->
      <class name="com.TestScenarios.ShearCircle">
        <test-method status="PASS" signature="beforeClass(java.lang.String)[pri:0, instance:com.TestScenarios.ShearCircle@3fd7a715]" name="beforeClass" is-config="true" duration-ms="4249" started-at="2019-11-23T10:20:35 EST" finished-at="2019-11-23T10:20:39 EST">
          <params>
            <param index="0">
              <value>
                <![CDATA[chrome]]>
              </value>
            </param>
          </params>
          <reporter-output>
          </reporter-output>
        </test-method> <!-- beforeClass -->
        <test-method status="PASS" signature="login()[pri:0, instance:com.TestScenarios.ShearCircle@3fd7a715]" name="login" duration-ms="15279" started-at="2019-11-23T10:20:39 EST" finished-at="2019-11-23T10:20:55 EST">
          <reporter-output>
          </reporter-output>
        </test-method> <!-- login -->
        <test-method status="PASS" signature="afterMethod(org.testng.ITestResult)[pri:0, instance:com.TestScenarios.ShearCircle@3fd7a715]" name="afterMethod" is-config="true" duration-ms="3589" started-at="2019-11-23T10:20:55 EST" finished-at="2019-11-23T10:20:58 EST">
          <params>
            <param index="0">
              <value>
                <![CDATA[[TestResult name=login status=SUCCESS method=ShearCircle.login()[pri:0, instance:com.TestScenarios.ShearCircle@3fd7a715] output={null}]]]>
              </value>
            </param>
          </params>
          <reporter-output>
          </reporter-output>
        </test-method> <!-- afterMethod -->
        <test-method status="PASS" signature="afterClass()[pri:0, instance:com.TestScenarios.ShearCircle@3fd7a715]" name="afterClass" is-config="true" duration-ms="772" started-at="2019-11-23T10:20:58 EST" finished-at="2019-11-23T10:20:59 EST">
          <reporter-output>
          </reporter-output>
        </test-method> <!-- afterClass -->
      </class> <!-- com.TestScenarios.ShearCircle -->
      <class name="com.TestNG.FB_login">
        <test-method status="PASS" signature="beforeClass(java.lang.String)[pri:0, instance:com.TestNG.FB_login@1f554b06]" name="beforeClass" is-config="true" duration-ms="5197" started-at="2019-11-23T10:20:12 EST" finished-at="2019-11-23T10:20:17 EST">
          <params>
            <param index="0">
              <value>
                <![CDATA[Chrome]]>
              </value>
            </param>
          </params>
          <reporter-output>
          </reporter-output>
        </test-method> <!-- beforeClass -->
        <test-method status="PASS" signature="f()[pri:0, instance:com.TestNG.FB_login@1f554b06]" name="f" duration-ms="16840" started-at="2019-11-23T10:20:17 EST" finished-at="2019-11-23T10:20:34 EST">
          <reporter-output>
          </reporter-output>
        </test-method> <!-- f -->
        <test-method status="PASS" signature="screenshot()[pri:0, instance:com.TestNG.FB_login@1f554b06]" name="screenshot" is-config="true" duration-ms="492" started-at="2019-11-23T10:20:34 EST" finished-at="2019-11-23T10:20:34 EST">
          <reporter-output>
          </reporter-output>
        </test-method> <!-- screenshot -->
        <test-method status="PASS" signature="afterClass()[pri:0, instance:com.TestNG.FB_login@1f554b06]" name="afterClass" is-config="true" duration-ms="828" started-at="2019-11-23T10:20:34 EST" finished-at="2019-11-23T10:20:35 EST">
          <reporter-output>
          </reporter-output>
        </test-method> <!-- afterClass -->
      </class> <!-- com.TestNG.FB_login -->
    </test> <!-- Build1.2_TestResults -->
  </suite> <!-- Build1.2 -->
</testng-results>
