<?xml version="1.0" encoding="UTF-8"?>
<!-- Generated by org.testng.reporters.JUnitXMLReporter -->
<testsuite hostname="AaRav" ignored="1" name="Build1.2_TestResults" tests="10" failures="0" timestamp="2020-01-20T13:52:48 EST" time="56.15" errors="0">
  <testcase name="f" time="12.187" classname="com.TestNG.FB_login"/>
  <testcase name="a" time="0.001" classname="com.TestNG.TestNgAnnotations"/>
  <testcase name="f" time="0.002" classname="com.TestNG.TestNgAnnotations"/>
  <testcase name="r" time="0.001" classname="com.TestNG.TestNgAnnotations"/>
  <testcase name="a" time="0.003" classname="com.TestNG.Sample3"/>
  <testcase name="r" time="0.003" classname="com.TestNG.Sample3"/>
  <testcase name="a" time="0.001" classname="com.TestNG.Sample2"/>
  <testcase name="b" time="0.002" classname="com.TestNG.Sample2"/>
  <testcase name="f" time="0.005" classname="com.TestNG.Sample1"/>
  <testcase name="login" time="22.308" classname="com.TestScenarios.ShearCircle"/>
  <testcase name="f" time="0.0" classname="com.TestNG.Sample3">
    <ignored/>
  </testcase> <!-- f -->
</testsuite> <!-- Build1.2_TestResults -->
