<?xml version="1.0" encoding="UTF-8"?>
<!-- Generated by org.testng.reporters.JUnitXMLReporter -->
<testsuite hostname="AaRav" ignored="1" name="Build1.2_TestResults" tests="10" failures="0" timestamp="2019-11-23T10:20:59 EST" time="47.421" errors="0">
  <testcase name="f" time="16.84" classname="com.TestNG.FB_login"/>
  <testcase name="a" time="0.002" classname="com.TestNG.TestNgAnnotations"/>
  <testcase name="f" time="0.002" classname="com.TestNG.TestNgAnnotations"/>
  <testcase name="r" time="0.003" classname="com.TestNG.TestNgAnnotations"/>
  <testcase name="a" time="0.002" classname="com.TestNG.Sample3"/>
  <testcase name="r" time="0.003" classname="com.TestNG.Sample3"/>
  <testcase name="a" time="0.005" classname="com.TestNG.Sample2"/>
  <testcase name="b" time="0.002" classname="com.TestNG.Sample2"/>
  <testcase name="f" time="0.002" classname="com.TestNG.Sample1"/>
  <testcase name="login" time="15.279" classname="com.TestScenarios.ShearCircle"/>
  <testcase name="f" time="0.0" classname="com.TestNG.Sample3">
    <ignored/>
  </testcase> <!-- f -->
</testsuite> <!-- Build1.2_TestResults -->
